<?xml version="1.0" encoding="UTF-8"?>
<robot generator="Robot 7.3.1 (Python 3.11.9 on win32)" generated="2025-07-02T22:24:28.909572" rpa="false" schemaversion="5">
<suite id="s1" name="Test Login" source="C:\Users\USER\PycharmProjects\robotframework\test_login.robot">
<test id="s1-t1" name="LoginTest" line="12">
<kw name="Open Browser" owner="SeleniumLibrary">
<msg time="2025-07-02T22:24:29.162268" level="WARN">exexcutable_path is being deprecated. Please use service to configure the driver's executable_path as per documentation.</msg>
<msg time="2025-07-02T22:24:29.162268" level="INFO">Opening browser 'chrome' to base url 'https://www.saucedemo.com/'.</msg>
<arg>${URL}</arg>
<arg>${BROWSER}</arg>
<arg>executable_path=${CHROMEDRIVER}</arg>
<doc>Opens a new browser instance to the optional ``url``.</doc>
<status status="PASS" start="2025-07-02T22:24:29.162268" elapsed="3.502671"/>
</kw>
<kw name="Maximize Browser Window" owner="SeleniumLibrary">
<doc>Maximizes current browser window.</doc>
<status status="PASS" start="2025-07-02T22:24:32.664939" elapsed="0.053002"/>
</kw>
<kw name="Wait Until Element Is Visible" owner="SeleniumLibrary">
<arg>xpath=//*[@id="user-name"]</arg>
<arg>timeout=10s</arg>
<doc>Waits until the element ``locator`` is visible.</doc>
<status status="PASS" start="2025-07-02T22:24:32.717941" elapsed="0.046993"/>
</kw>
<kw name="Input Text" owner="SeleniumLibrary">
<msg time="2025-07-02T22:24:32.764934" level="INFO">Typing text 'standard_user' into text field 'xpath=//*[@id="user-name"]'.</msg>
<arg>xpath=//*[@id="user-name"]</arg>
<arg>${USERNAME}</arg>
<doc>Types the given ``text`` into the text field identified by ``locator``.</doc>
<status status="PASS" start="2025-07-02T22:24:32.764934" elapsed="0.185753"/>
</kw>
<kw name="Input Text" owner="SeleniumLibrary">
<msg time="2025-07-02T22:24:32.950687" level="INFO">Typing text 'secret_sauce' into text field 'xpath=//*[@id="password"]'.</msg>
<arg>xpath=//*[@id="password"]</arg>
<arg>${PASSWORD}</arg>
<doc>Types the given ``text`` into the text field identified by ``locator``.</doc>
<status status="PASS" start="2025-07-02T22:24:32.950687" elapsed="0.081287"/>
</kw>
<kw name="Click Element" owner="SeleniumLibrary">
<msg time="2025-07-02T22:24:33.031974" level="INFO">Clicking element 'xpath=//*[@id="login-button"]'.</msg>
<arg>xpath=//*[@id="login-button"]</arg>
<doc>Click the element identified by ``locator``.</doc>
<status status="PASS" start="2025-07-02T22:24:33.031974" elapsed="0.089083"/>
</kw>
<kw name="Sleep" owner="BuiltIn">
<msg time="2025-07-02T22:24:35.121453" level="INFO">Slept 2 seconds.</msg>
<arg>2s</arg>
<doc>Pauses the test executed for the given time.</doc>
<status status="PASS" start="2025-07-02T22:24:33.121057" elapsed="2.000396"/>
</kw>
<kw name="Close Browser" owner="SeleniumLibrary">
<doc>Closes the current browser.</doc>
<status status="PASS" start="2025-07-02T22:24:35.121453" elapsed="3.807918"/>
</kw>
<status status="PASS" start="2025-07-02T22:24:29.162268" elapsed="9.767103"/>
</test>
<status status="PASS" start="2025-07-02T22:24:28.909572" elapsed="10.019799"/>
</suite>
<statistics>
<total>
<stat pass="1" fail="0" skip="0">All Tests</stat>
</total>
<tag>
</tag>
<suite>
<stat name="Test Login" id="s1" pass="1" fail="0" skip="0">Test Login</stat>
</suite>
</statistics>
<errors>
<msg time="2025-07-02T22:24:29.162268" level="WARN">exexcutable_path is being deprecated. Please use service to configure the driver's executable_path as per documentation.</msg>
</errors>
</robot>
